{
  "uid" : "250fca677d3dcbf",
  "name" : "test_cookie",
  "fullName" : "tests.cookie_test#test_cookie",
  "historyId" : "ea357b5fa34c5d03c6eb2e0733f1bb8c",
  "time" : {
    "start" : 1629804203220,
    "stop" : 1629804206352,
    "duration" : 3132
  },
  "status" : "broken",
  "statusMessage" : "selenium.common.exceptions.NoSuchElementException: Message: no such element: Unable to locate element: {\"method\":\"xpath\",\"selector\":\"//*[@id=\"cookie-policy-panel\"]/div/div[2]/button[2]/div\"}\n  (Session info: headless chrome=92.0.4515.131)",
  "statusTrace" : "def test_cookie():\n        driver.get(\"http://localhost:1667/\")\n        time.sleep(3)\n    \n        # Collection of xpath\n        accept_btn = '//*[@id=\"cookie-policy-panel\"]/div/div[2]/button[2]/div'\n        decline_btn = '//*[@id=\"cookie-policy-panel\"]/div/div[2]/button[1]/div'\n    \n        # Check accept button\n>       accept_button = driver.find_element(By.XPATH, accept_btn)\n\ntests/cookie_test.py:23: \n_ _ _ _ _ _ _ _ _ _ _ _ _ _ _ _ _ _ _ _ _ _ _ _ _ _ _ _ _ _ _ _ _ _ _ _ _ _ _ _ \n/opt/hostedtoolcache/Python/3.9.6/x64/lib/python3.9/site-packages/selenium/webdriver/remote/webdriver.py:976: in find_element\n    return self.execute(Command.FIND_ELEMENT, {\n/opt/hostedtoolcache/Python/3.9.6/x64/lib/python3.9/site-packages/selenium/webdriver/remote/webdriver.py:321: in execute\n    self.error_handler.check_response(response)\n_ _ _ _ _ _ _ _ _ _ _ _ _ _ _ _ _ _ _ _ _ _ _ _ _ _ _ _ _ _ _ _ _ _ _ _ _ _ _ _ \n\nself = <selenium.webdriver.remote.errorhandler.ErrorHandler object at 0x7f1e484b58e0>\nresponse = {'status': 404, 'value': '{\"value\":{\"error\":\"no such element\",\"message\":\"no such element: Unable to locate element: {\\...wn>\\\\n#15 0x5647ddc05e58 \\\\u003Cunknown>\\\\n#16 0x5647ddc1fdfd \\\\u003Cunknown>\\\\n#17 0x7fe80c22e609 start_thread\\\\n\"}}'}\n\n    def check_response(self, response):\n        \"\"\"\n        Checks that a JSON response from the WebDriver does not have an error.\n    \n        :Args:\n         - response - The JSON response from the WebDriver server as a dictionary\n           object.\n    \n        :Raises: If the response contains an error message.\n        \"\"\"\n        status = response.get('status', None)\n        if status is None or status == ErrorCode.SUCCESS:\n            return\n        value = None\n        message = response.get(\"message\", \"\")\n        screen = response.get(\"screen\", \"\")\n        stacktrace = None\n        if isinstance(status, int):\n            value_json = response.get('value', None)\n            if value_json and isinstance(value_json, basestring):\n                import json\n                try:\n                    value = json.loads(value_json)\n                    if len(value.keys()) == 1:\n                        value = value['value']\n                    status = value.get('error', None)\n                    if status is None:\n                        status = value[\"status\"]\n                        message = value[\"value\"]\n                        if not isinstance(message, basestring):\n                            value = message\n                            message = message.get('message')\n                    else:\n                        message = value.get('message', None)\n                except ValueError:\n                    pass\n    \n        exception_class = ErrorInResponseException\n        if status in ErrorCode.NO_SUCH_ELEMENT:\n            exception_class = NoSuchElementException\n        elif status in ErrorCode.NO_SUCH_FRAME:\n            exception_class = NoSuchFrameException\n        elif status in ErrorCode.NO_SUCH_WINDOW:\n            exception_class = NoSuchWindowException\n        elif status in ErrorCode.STALE_ELEMENT_REFERENCE:\n            exception_class = StaleElementReferenceException\n        elif status in ErrorCode.ELEMENT_NOT_VISIBLE:\n            exception_class = ElementNotVisibleException\n        elif status in ErrorCode.INVALID_ELEMENT_STATE:\n            exception_class = InvalidElementStateException\n        elif status in ErrorCode.INVALID_SELECTOR \\\n                or status in ErrorCode.INVALID_XPATH_SELECTOR \\\n                or status in ErrorCode.INVALID_XPATH_SELECTOR_RETURN_TYPER:\n            exception_class = InvalidSelectorException\n        elif status in ErrorCode.ELEMENT_IS_NOT_SELECTABLE:\n            exception_class = ElementNotSelectableException\n        elif status in ErrorCode.ELEMENT_NOT_INTERACTABLE:\n            exception_class = ElementNotInteractableException\n        elif status in ErrorCode.INVALID_COOKIE_DOMAIN:\n            exception_class = InvalidCookieDomainException\n        elif status in ErrorCode.UNABLE_TO_SET_COOKIE:\n            exception_class = UnableToSetCookieException\n        elif status in ErrorCode.TIMEOUT:\n            exception_class = TimeoutException\n        elif status in ErrorCode.SCRIPT_TIMEOUT:\n            exception_class = TimeoutException\n        elif status in ErrorCode.UNKNOWN_ERROR:\n            exception_class = WebDriverException\n        elif status in ErrorCode.UNEXPECTED_ALERT_OPEN:\n            exception_class = UnexpectedAlertPresentException\n        elif status in ErrorCode.NO_ALERT_OPEN:\n            exception_class = NoAlertPresentException\n        elif status in ErrorCode.IME_NOT_AVAILABLE:\n            exception_class = ImeNotAvailableException\n        elif status in ErrorCode.IME_ENGINE_ACTIVATION_FAILED:\n            exception_class = ImeActivationFailedException\n        elif status in ErrorCode.MOVE_TARGET_OUT_OF_BOUNDS:\n            exception_class = MoveTargetOutOfBoundsException\n        elif status in ErrorCode.JAVASCRIPT_ERROR:\n            exception_class = JavascriptException\n        elif status in ErrorCode.SESSION_NOT_CREATED:\n            exception_class = SessionNotCreatedException\n        elif status in ErrorCode.INVALID_ARGUMENT:\n            exception_class = InvalidArgumentException\n        elif status in ErrorCode.NO_SUCH_COOKIE:\n            exception_class = NoSuchCookieException\n        elif status in ErrorCode.UNABLE_TO_CAPTURE_SCREEN:\n            exception_class = ScreenshotException\n        elif status in ErrorCode.ELEMENT_CLICK_INTERCEPTED:\n            exception_class = ElementClickInterceptedException\n        elif status in ErrorCode.INSECURE_CERTIFICATE:\n            exception_class = InsecureCertificateException\n        elif status in ErrorCode.INVALID_COORDINATES:\n            exception_class = InvalidCoordinatesException\n        elif status in ErrorCode.INVALID_SESSION_ID:\n            exception_class = InvalidSessionIdException\n        elif status in ErrorCode.UNKNOWN_METHOD:\n            exception_class = UnknownMethodException\n        else:\n            exception_class = WebDriverException\n        if value == '' or value is None:\n            value = response['value']\n        if isinstance(value, basestring):\n            if exception_class == ErrorInResponseException:\n                raise exception_class(response, value)\n            raise exception_class(value)\n        if message == \"\" and 'message' in value:\n            message = value['message']\n    \n        screen = None\n        if 'screen' in value:\n            screen = value['screen']\n    \n        stacktrace = None\n        if 'stackTrace' in value and value['stackTrace']:\n            stacktrace = []\n            try:\n                for frame in value['stackTrace']:\n                    line = self._value_or_default(frame, 'lineNumber', '')\n                    file = self._value_or_default(frame, 'fileName', '<anonymous>')\n                    if line:\n                        file = \"%s:%s\" % (file, line)\n                    meth = self._value_or_default(frame, 'methodName', '<anonymous>')\n                    if 'className' in frame:\n                        meth = \"%s.%s\" % (frame['className'], meth)\n                    msg = \"    at %s (%s)\"\n                    msg = msg % (meth, file)\n                    stacktrace.append(msg)\n            except TypeError:\n                pass\n        if exception_class == ErrorInResponseException:\n            raise exception_class(response, message)\n        elif exception_class == UnexpectedAlertPresentException:\n            alert_text = None\n            if 'data' in value:\n                alert_text = value['data'].get('text')\n            elif 'alert' in value:\n                alert_text = value['alert'].get('text')\n            raise exception_class(message, screen, stacktrace, alert_text)\n>       raise exception_class(message, screen, stacktrace)\nE       selenium.common.exceptions.NoSuchElementException: Message: no such element: Unable to locate element: {\"method\":\"xpath\",\"selector\":\"//*[@id=\"cookie-policy-panel\"]/div/div[2]/button[2]/div\"}\nE         (Session info: headless chrome=92.0.4515.131)\n\n/opt/hostedtoolcache/Python/3.9.6/x64/lib/python3.9/site-packages/selenium/webdriver/remote/errorhandler.py:242: NoSuchElementException",
  "flaky" : false,
  "newFailed" : false,
  "beforeStages" : [ ],
  "afterStages" : [ ],
  "labels" : [ {
    "name" : "parentSuite",
    "value" : "tests"
  }, {
    "name" : "suite",
    "value" : "cookie_test"
  }, {
    "name" : "host",
    "value" : "fv-az74-622"
  }, {
    "name" : "thread",
    "value" : "3626-MainThread"
  }, {
    "name" : "framework",
    "value" : "pytest"
  }, {
    "name" : "language",
    "value" : "cpython3"
  }, {
    "name" : "package",
    "value" : "tests.cookie_test"
  }, {
    "name" : "resultFormat",
    "value" : "allure2"
  } ],
  "parameters" : [ ],
  "links" : [ ],
  "hidden" : false,
  "retry" : false,
  "extra" : {
    "severity" : "normal",
    "retries" : [ ],
    "categories" : [ {
      "name" : "Test defects",
      "matchedStatuses" : [ ],
      "flaky" : false
    } ],
    "history" : {
      "statistic" : {
        "failed" : 0,
        "broken" : 2,
        "skipped" : 0,
        "passed" : 8,
        "unknown" : 0,
        "total" : 10
      },
      "items" : [ {
        "uid" : "4402c0ed62ad3657",
        "reportUrl" : "https://eszter10.github.io/conduit/32//#testresult/4402c0ed62ad3657",
        "status" : "broken",
        "statusDetails" : "selenium.common.exceptions.NoSuchElementException: Message: no such element: Unable to locate element: {\"method\":\"xpath\",\"selector\":\"//*[@id=\"cookie-policy-panel\"]/div/div[2]/button[2]/div\"}\n  (Session info: headless chrome=92.0.4515.131)",
        "time" : {
          "start" : 1629802590275,
          "stop" : 1629802593391,
          "duration" : 3116
        }
      }, {
        "uid" : "2b3dc88550a93776",
        "reportUrl" : "https://eszter10.github.io/conduit/31//#testresult/2b3dc88550a93776",
        "status" : "passed",
        "time" : {
          "start" : 1629798025959,
          "stop" : 1629798034915,
          "duration" : 8956
        }
      }, {
        "uid" : "df004728695bb638",
        "reportUrl" : "https://eszter10.github.io/conduit/30//#testresult/df004728695bb638",
        "status" : "passed",
        "time" : {
          "start" : 1629797864998,
          "stop" : 1629797873884,
          "duration" : 8886
        }
      }, {
        "uid" : "5344edf621e19f3c",
        "reportUrl" : "https://eszter10.github.io/conduit/29//#testresult/5344edf621e19f3c",
        "status" : "passed",
        "time" : {
          "start" : 1629796623038,
          "stop" : 1629796631843,
          "duration" : 8805
        }
      }, {
        "uid" : "a552fcaedc6fd82c",
        "reportUrl" : "https://eszter10.github.io/conduit/28//#testresult/a552fcaedc6fd82c",
        "status" : "passed",
        "time" : {
          "start" : 1629796439899,
          "stop" : 1629796448638,
          "duration" : 8739
        }
      }, {
        "uid" : "9e8af5b4b9bdeea3",
        "reportUrl" : "https://eszter10.github.io/conduit/27//#testresult/9e8af5b4b9bdeea3",
        "status" : "passed",
        "time" : {
          "start" : 1629793578202,
          "stop" : 1629793586917,
          "duration" : 8715
        }
      }, {
        "uid" : "d18f0fb11267fd10",
        "reportUrl" : "https://eszter10.github.io/conduit/26//#testresult/d18f0fb11267fd10",
        "status" : "passed",
        "time" : {
          "start" : 1629751997545,
          "stop" : 1629752006234,
          "duration" : 8689
        }
      }, {
        "uid" : "7ced589642020d79",
        "reportUrl" : "https://eszter10.github.io/conduit/25//#testresult/7ced589642020d79",
        "status" : "passed",
        "time" : {
          "start" : 1629751263536,
          "stop" : 1629751272322,
          "duration" : 8786
        }
      }, {
        "uid" : "cab60eaa97c1b69d",
        "reportUrl" : "https://eszter10.github.io/conduit/24//#testresult/cab60eaa97c1b69d",
        "status" : "passed",
        "time" : {
          "start" : 1629748986614,
          "stop" : 1629748995302,
          "duration" : 8688
        }
      } ]
    },
    "tags" : [ ]
  },
  "source" : "250fca677d3dcbf.json",
  "parameterValues" : [ ]
}