{
  "uid" : "abba27c7482e0a17",
  "name" : "test_edit_blog",
  "fullName" : "tests.edit_test#test_edit_blog",
  "historyId" : "539b2c1bba79a017f345d0395d850dcf",
  "time" : {
    "start" : 1629808836190,
    "stop" : 1629808841304,
    "duration" : 5114
  },
  "status" : "broken",
  "statusMessage" : "selenium.common.exceptions.NoSuchElementException: Message: no such element: Unable to locate element: {\"method\":\"xpath\",\"selector\":\"//*[@id=\"app\"]/nav/div/ul/li[2]/a\"}\n  (Session info: headless chrome=92.0.4515.131)",
  "statusTrace" : "def test_edit_blog():\n        driver.get('http://localhost:1667/')\n        time.sleep(5)\n    \n        # Enter testdata\n        email = 'testuser1@example.com'\n        username = 'testuser1'\n        pw = 'Abcd123$'\n    \n        # Collection of xpath\n        email_x = '//*[@id=\"app\"]/div/div/div/div/form/fieldset[1]/input'\n        username_x = '//*[@id=\"app\"]/nav/div/ul/li[4]/a'\n        pw_x = '//*[@id=\"app\"]/div/div/div/div/form/fieldset[2]/input'\n        sign_btn_x = '//*[@id=\"app\"]/nav/div/ul/li[2]/a'\n        signin_btn_x = '//*[@id=\"app\"]/div/div/div/div/form/button'\n    \n        # Sign in\n>       sign_btn = driver.find_element(By.XPATH, sign_btn_x)\n\ntests/edit_test.py:31: \n_ _ _ _ _ _ _ _ _ _ _ _ _ _ _ _ _ _ _ _ _ _ _ _ _ _ _ _ _ _ _ _ _ _ _ _ _ _ _ _ \n/opt/hostedtoolcache/Python/3.9.6/x64/lib/python3.9/site-packages/selenium/webdriver/remote/webdriver.py:976: in find_element\n    return self.execute(Command.FIND_ELEMENT, {\n/opt/hostedtoolcache/Python/3.9.6/x64/lib/python3.9/site-packages/selenium/webdriver/remote/webdriver.py:321: in execute\n    self.error_handler.check_response(response)\n_ _ _ _ _ _ _ _ _ _ _ _ _ _ _ _ _ _ _ _ _ _ _ _ _ _ _ _ _ _ _ _ _ _ _ _ _ _ _ _ \n\nself = <selenium.webdriver.remote.errorhandler.ErrorHandler object at 0x7fa314a46f40>\nresponse = {'status': 404, 'value': '{\"value\":{\"error\":\"no such element\",\"message\":\"no such element: Unable to locate element: {\\...wn>\\\\n#15 0x555c53894e58 \\\\u003Cunknown>\\\\n#16 0x555c538aedfd \\\\u003Cunknown>\\\\n#17 0x7f410c2a5609 start_thread\\\\n\"}}'}\n\n    def check_response(self, response):\n        \"\"\"\n        Checks that a JSON response from the WebDriver does not have an error.\n    \n        :Args:\n         - response - The JSON response from the WebDriver server as a dictionary\n           object.\n    \n        :Raises: If the response contains an error message.\n        \"\"\"\n        status = response.get('status', None)\n        if status is None or status == ErrorCode.SUCCESS:\n            return\n        value = None\n        message = response.get(\"message\", \"\")\n        screen = response.get(\"screen\", \"\")\n        stacktrace = None\n        if isinstance(status, int):\n            value_json = response.get('value', None)\n            if value_json and isinstance(value_json, basestring):\n                import json\n                try:\n                    value = json.loads(value_json)\n                    if len(value.keys()) == 1:\n                        value = value['value']\n                    status = value.get('error', None)\n                    if status is None:\n                        status = value[\"status\"]\n                        message = value[\"value\"]\n                        if not isinstance(message, basestring):\n                            value = message\n                            message = message.get('message')\n                    else:\n                        message = value.get('message', None)\n                except ValueError:\n                    pass\n    \n        exception_class = ErrorInResponseException\n        if status in ErrorCode.NO_SUCH_ELEMENT:\n            exception_class = NoSuchElementException\n        elif status in ErrorCode.NO_SUCH_FRAME:\n            exception_class = NoSuchFrameException\n        elif status in ErrorCode.NO_SUCH_WINDOW:\n            exception_class = NoSuchWindowException\n        elif status in ErrorCode.STALE_ELEMENT_REFERENCE:\n            exception_class = StaleElementReferenceException\n        elif status in ErrorCode.ELEMENT_NOT_VISIBLE:\n            exception_class = ElementNotVisibleException\n        elif status in ErrorCode.INVALID_ELEMENT_STATE:\n            exception_class = InvalidElementStateException\n        elif status in ErrorCode.INVALID_SELECTOR \\\n                or status in ErrorCode.INVALID_XPATH_SELECTOR \\\n                or status in ErrorCode.INVALID_XPATH_SELECTOR_RETURN_TYPER:\n            exception_class = InvalidSelectorException\n        elif status in ErrorCode.ELEMENT_IS_NOT_SELECTABLE:\n            exception_class = ElementNotSelectableException\n        elif status in ErrorCode.ELEMENT_NOT_INTERACTABLE:\n            exception_class = ElementNotInteractableException\n        elif status in ErrorCode.INVALID_COOKIE_DOMAIN:\n            exception_class = InvalidCookieDomainException\n        elif status in ErrorCode.UNABLE_TO_SET_COOKIE:\n            exception_class = UnableToSetCookieException\n        elif status in ErrorCode.TIMEOUT:\n            exception_class = TimeoutException\n        elif status in ErrorCode.SCRIPT_TIMEOUT:\n            exception_class = TimeoutException\n        elif status in ErrorCode.UNKNOWN_ERROR:\n            exception_class = WebDriverException\n        elif status in ErrorCode.UNEXPECTED_ALERT_OPEN:\n            exception_class = UnexpectedAlertPresentException\n        elif status in ErrorCode.NO_ALERT_OPEN:\n            exception_class = NoAlertPresentException\n        elif status in ErrorCode.IME_NOT_AVAILABLE:\n            exception_class = ImeNotAvailableException\n        elif status in ErrorCode.IME_ENGINE_ACTIVATION_FAILED:\n            exception_class = ImeActivationFailedException\n        elif status in ErrorCode.MOVE_TARGET_OUT_OF_BOUNDS:\n            exception_class = MoveTargetOutOfBoundsException\n        elif status in ErrorCode.JAVASCRIPT_ERROR:\n            exception_class = JavascriptException\n        elif status in ErrorCode.SESSION_NOT_CREATED:\n            exception_class = SessionNotCreatedException\n        elif status in ErrorCode.INVALID_ARGUMENT:\n            exception_class = InvalidArgumentException\n        elif status in ErrorCode.NO_SUCH_COOKIE:\n            exception_class = NoSuchCookieException\n        elif status in ErrorCode.UNABLE_TO_CAPTURE_SCREEN:\n            exception_class = ScreenshotException\n        elif status in ErrorCode.ELEMENT_CLICK_INTERCEPTED:\n            exception_class = ElementClickInterceptedException\n        elif status in ErrorCode.INSECURE_CERTIFICATE:\n            exception_class = InsecureCertificateException\n        elif status in ErrorCode.INVALID_COORDINATES:\n            exception_class = InvalidCoordinatesException\n        elif status in ErrorCode.INVALID_SESSION_ID:\n            exception_class = InvalidSessionIdException\n        elif status in ErrorCode.UNKNOWN_METHOD:\n            exception_class = UnknownMethodException\n        else:\n            exception_class = WebDriverException\n        if value == '' or value is None:\n            value = response['value']\n        if isinstance(value, basestring):\n            if exception_class == ErrorInResponseException:\n                raise exception_class(response, value)\n            raise exception_class(value)\n        if message == \"\" and 'message' in value:\n            message = value['message']\n    \n        screen = None\n        if 'screen' in value:\n            screen = value['screen']\n    \n        stacktrace = None\n        if 'stackTrace' in value and value['stackTrace']:\n            stacktrace = []\n            try:\n                for frame in value['stackTrace']:\n                    line = self._value_or_default(frame, 'lineNumber', '')\n                    file = self._value_or_default(frame, 'fileName', '<anonymous>')\n                    if line:\n                        file = \"%s:%s\" % (file, line)\n                    meth = self._value_or_default(frame, 'methodName', '<anonymous>')\n                    if 'className' in frame:\n                        meth = \"%s.%s\" % (frame['className'], meth)\n                    msg = \"    at %s (%s)\"\n                    msg = msg % (meth, file)\n                    stacktrace.append(msg)\n            except TypeError:\n                pass\n        if exception_class == ErrorInResponseException:\n            raise exception_class(response, message)\n        elif exception_class == UnexpectedAlertPresentException:\n            alert_text = None\n            if 'data' in value:\n                alert_text = value['data'].get('text')\n            elif 'alert' in value:\n                alert_text = value['alert'].get('text')\n            raise exception_class(message, screen, stacktrace, alert_text)\n>       raise exception_class(message, screen, stacktrace)\nE       selenium.common.exceptions.NoSuchElementException: Message: no such element: Unable to locate element: {\"method\":\"xpath\",\"selector\":\"//*[@id=\"app\"]/nav/div/ul/li[2]/a\"}\nE         (Session info: headless chrome=92.0.4515.131)\n\n/opt/hostedtoolcache/Python/3.9.6/x64/lib/python3.9/site-packages/selenium/webdriver/remote/errorhandler.py:242: NoSuchElementException",
  "flaky" : false,
  "newFailed" : false,
  "beforeStages" : [ ],
  "afterStages" : [ ],
  "labels" : [ {
    "name" : "parentSuite",
    "value" : "tests"
  }, {
    "name" : "suite",
    "value" : "edit_test"
  }, {
    "name" : "host",
    "value" : "fv-az39-713"
  }, {
    "name" : "thread",
    "value" : "3789-MainThread"
  }, {
    "name" : "framework",
    "value" : "pytest"
  }, {
    "name" : "language",
    "value" : "cpython3"
  }, {
    "name" : "package",
    "value" : "tests.edit_test"
  }, {
    "name" : "resultFormat",
    "value" : "allure2"
  } ],
  "parameters" : [ ],
  "links" : [ ],
  "hidden" : false,
  "retry" : false,
  "extra" : {
    "severity" : "normal",
    "retries" : [ ],
    "categories" : [ {
      "name" : "Test defects",
      "matchedStatuses" : [ ],
      "flaky" : false
    } ],
    "history" : {
      "statistic" : {
        "failed" : 0,
        "broken" : 5,
        "skipped" : 0,
        "passed" : 6,
        "unknown" : 0,
        "total" : 11
      },
      "items" : [ {
        "uid" : "f0ff97746c9731d6",
        "reportUrl" : "https://eszter10.github.io/conduit/35//#testresult/f0ff97746c9731d6",
        "status" : "broken",
        "statusDetails" : "selenium.common.exceptions.NoSuchElementException: Message: no such element: Unable to locate element: {\"method\":\"xpath\",\"selector\":\"//*[@id=\"app\"]/nav/div/ul/li[2]/a\"}\n  (Session info: headless chrome=92.0.4515.131)",
        "time" : {
          "start" : 1629806695853,
          "stop" : 1629806700979,
          "duration" : 5126
        }
      }, {
        "uid" : "918d5a73444741c0",
        "reportUrl" : "https://eszter10.github.io/conduit/34//#testresult/918d5a73444741c0",
        "status" : "broken",
        "statusDetails" : "selenium.common.exceptions.NoSuchElementException: Message: no such element: Unable to locate element: {\"method\":\"xpath\",\"selector\":\"//*[@id=\"app\"]/nav/div/ul/li[2]/a\"}\n  (Session info: headless chrome=92.0.4515.131)",
        "time" : {
          "start" : 1629805717292,
          "stop" : 1629805720441,
          "duration" : 3149
        }
      }, {
        "uid" : "d9f9e8ec1c9d8dc",
        "reportUrl" : "https://eszter10.github.io/conduit/33//#testresult/d9f9e8ec1c9d8dc",
        "status" : "broken",
        "statusDetails" : "selenium.common.exceptions.NoSuchElementException: Message: no such element: Unable to locate element: {\"method\":\"xpath\",\"selector\":\"//*[@id=\"app\"]/nav/div/ul/li[2]/a\"}\n  (Session info: headless chrome=92.0.4515.131)",
        "time" : {
          "start" : 1629804212723,
          "stop" : 1629804215866,
          "duration" : 3143
        }
      }, {
        "uid" : "f9af1dc299b4d62f",
        "reportUrl" : "https://eszter10.github.io/conduit/32//#testresult/f9af1dc299b4d62f",
        "status" : "broken",
        "statusDetails" : "selenium.common.exceptions.NoSuchElementException: Message: no such element: Unable to locate element: {\"method\":\"xpath\",\"selector\":\"//*[@id=\"app\"]/nav/div/ul/li[2]/a\"}\n  (Session info: headless chrome=92.0.4515.131)",
        "time" : {
          "start" : 1629802599713,
          "stop" : 1629802602851,
          "duration" : 3138
        }
      }, {
        "uid" : "6fa2ad3eed2634fb",
        "reportUrl" : "https://eszter10.github.io/conduit/31//#testresult/6fa2ad3eed2634fb",
        "status" : "passed",
        "time" : {
          "start" : 1629798062672,
          "stop" : 1629798070289,
          "duration" : 7617
        }
      }, {
        "uid" : "6261f6227365b2c5",
        "reportUrl" : "https://eszter10.github.io/conduit/30//#testresult/6261f6227365b2c5",
        "status" : "passed",
        "time" : {
          "start" : 1629797901466,
          "stop" : 1629797909022,
          "duration" : 7556
        }
      }, {
        "uid" : "f2134d17b1434eb7",
        "reportUrl" : "https://eszter10.github.io/conduit/29//#testresult/f2134d17b1434eb7",
        "status" : "passed",
        "time" : {
          "start" : 1629796659802,
          "stop" : 1629796667500,
          "duration" : 7698
        }
      }, {
        "uid" : "6b8ce1492b2c6cd7",
        "reportUrl" : "https://eszter10.github.io/conduit/28//#testresult/6b8ce1492b2c6cd7",
        "status" : "passed",
        "time" : {
          "start" : 1629796476485,
          "stop" : 1629796484140,
          "duration" : 7655
        }
      }, {
        "uid" : "77b75c0445924035",
        "reportUrl" : "https://eszter10.github.io/conduit/27//#testresult/77b75c0445924035",
        "status" : "passed",
        "time" : {
          "start" : 1629793614564,
          "stop" : 1629793622147,
          "duration" : 7583
        }
      }, {
        "uid" : "9b7cd37697661f8f",
        "reportUrl" : "https://eszter10.github.io/conduit/26//#testresult/9b7cd37697661f8f",
        "status" : "passed",
        "time" : {
          "start" : 1629752033756,
          "stop" : 1629752041283,
          "duration" : 7527
        }
      } ]
    },
    "tags" : [ ]
  },
  "source" : "abba27c7482e0a17.json",
  "parameterValues" : [ ]
}