{
  "uid" : "f06d5b8e205d939c",
  "name" : "test_register",
  "fullName" : "tests.register_test#test_register",
  "historyId" : "62c89a6ecf57e99b98cd0e9f457d27c6",
  "time" : {
    "start" : 1629808851818,
    "stop" : 1629808851835,
    "duration" : 17
  },
  "status" : "broken",
  "statusMessage" : "selenium.common.exceptions.NoSuchElementException: Message: no such element: Unable to locate element: {\"method\":\"xpath\",\"selector\":\"//*[@id=\"app\"]/nav/div/ul/li[3]/a\"}\n  (Session info: headless chrome=92.0.4515.131)",
  "statusTrace" : "def test_register():\n        # Collection of xpath\n        sign_up_btn = '//*[@id=\"app\"]/nav/div/ul/li[3]/a'\n        username_x = '//*[@id=\"app\"]/div/div/div/div/form/fieldset[1]/input'\n        email_x = '//*[@id=\"app\"]/div/div/div/div/form/fieldset[2]/input'\n        pw_x = '//*[@id=\"app\"]/div/div/div/div/form/fieldset[3]/input'\n        sign_up_x = '//*[@id=\"app\"]/div/div/div/div/form/button'\n    \n        # Enter random data\n        email = ''.join(random.choice(string.ascii_letters + string.digits) for i in range(10)) + '@mail.com'\n        pw = ''.join((random.choice(string.ascii_letters + string.digits) for i in range(10)))\n        username = ''.join((random.choice(string.ascii_letters + string.digits) for i in range(10)))\n    \n        # Sign up\n>       driver.find_element(By.XPATH, sign_up_btn).click()\n\ntests/register_test.py:34: \n_ _ _ _ _ _ _ _ _ _ _ _ _ _ _ _ _ _ _ _ _ _ _ _ _ _ _ _ _ _ _ _ _ _ _ _ _ _ _ _ \n/opt/hostedtoolcache/Python/3.9.6/x64/lib/python3.9/site-packages/selenium/webdriver/remote/webdriver.py:976: in find_element\n    return self.execute(Command.FIND_ELEMENT, {\n/opt/hostedtoolcache/Python/3.9.6/x64/lib/python3.9/site-packages/selenium/webdriver/remote/webdriver.py:321: in execute\n    self.error_handler.check_response(response)\n_ _ _ _ _ _ _ _ _ _ _ _ _ _ _ _ _ _ _ _ _ _ _ _ _ _ _ _ _ _ _ _ _ _ _ _ _ _ _ _ \n\nself = <selenium.webdriver.remote.errorhandler.ErrorHandler object at 0x7fa3149f3370>\nresponse = {'status': 404, 'value': '{\"value\":{\"error\":\"no such element\",\"message\":\"no such element: Unable to locate element: {\\...wn>\\\\n#15 0x555fb44f1e58 \\\\u003Cunknown>\\\\n#16 0x555fb450bdfd \\\\u003Cunknown>\\\\n#17 0x7f18316dd609 start_thread\\\\n\"}}'}\n\n    def check_response(self, response):\n        \"\"\"\n        Checks that a JSON response from the WebDriver does not have an error.\n    \n        :Args:\n         - response - The JSON response from the WebDriver server as a dictionary\n           object.\n    \n        :Raises: If the response contains an error message.\n        \"\"\"\n        status = response.get('status', None)\n        if status is None or status == ErrorCode.SUCCESS:\n            return\n        value = None\n        message = response.get(\"message\", \"\")\n        screen = response.get(\"screen\", \"\")\n        stacktrace = None\n        if isinstance(status, int):\n            value_json = response.get('value', None)\n            if value_json and isinstance(value_json, basestring):\n                import json\n                try:\n                    value = json.loads(value_json)\n                    if len(value.keys()) == 1:\n                        value = value['value']\n                    status = value.get('error', None)\n                    if status is None:\n                        status = value[\"status\"]\n                        message = value[\"value\"]\n                        if not isinstance(message, basestring):\n                            value = message\n                            message = message.get('message')\n                    else:\n                        message = value.get('message', None)\n                except ValueError:\n                    pass\n    \n        exception_class = ErrorInResponseException\n        if status in ErrorCode.NO_SUCH_ELEMENT:\n            exception_class = NoSuchElementException\n        elif status in ErrorCode.NO_SUCH_FRAME:\n            exception_class = NoSuchFrameException\n        elif status in ErrorCode.NO_SUCH_WINDOW:\n            exception_class = NoSuchWindowException\n        elif status in ErrorCode.STALE_ELEMENT_REFERENCE:\n            exception_class = StaleElementReferenceException\n        elif status in ErrorCode.ELEMENT_NOT_VISIBLE:\n            exception_class = ElementNotVisibleException\n        elif status in ErrorCode.INVALID_ELEMENT_STATE:\n            exception_class = InvalidElementStateException\n        elif status in ErrorCode.INVALID_SELECTOR \\\n                or status in ErrorCode.INVALID_XPATH_SELECTOR \\\n                or status in ErrorCode.INVALID_XPATH_SELECTOR_RETURN_TYPER:\n            exception_class = InvalidSelectorException\n        elif status in ErrorCode.ELEMENT_IS_NOT_SELECTABLE:\n            exception_class = ElementNotSelectableException\n        elif status in ErrorCode.ELEMENT_NOT_INTERACTABLE:\n            exception_class = ElementNotInteractableException\n        elif status in ErrorCode.INVALID_COOKIE_DOMAIN:\n            exception_class = InvalidCookieDomainException\n        elif status in ErrorCode.UNABLE_TO_SET_COOKIE:\n            exception_class = UnableToSetCookieException\n        elif status in ErrorCode.TIMEOUT:\n            exception_class = TimeoutException\n        elif status in ErrorCode.SCRIPT_TIMEOUT:\n            exception_class = TimeoutException\n        elif status in ErrorCode.UNKNOWN_ERROR:\n            exception_class = WebDriverException\n        elif status in ErrorCode.UNEXPECTED_ALERT_OPEN:\n            exception_class = UnexpectedAlertPresentException\n        elif status in ErrorCode.NO_ALERT_OPEN:\n            exception_class = NoAlertPresentException\n        elif status in ErrorCode.IME_NOT_AVAILABLE:\n            exception_class = ImeNotAvailableException\n        elif status in ErrorCode.IME_ENGINE_ACTIVATION_FAILED:\n            exception_class = ImeActivationFailedException\n        elif status in ErrorCode.MOVE_TARGET_OUT_OF_BOUNDS:\n            exception_class = MoveTargetOutOfBoundsException\n        elif status in ErrorCode.JAVASCRIPT_ERROR:\n            exception_class = JavascriptException\n        elif status in ErrorCode.SESSION_NOT_CREATED:\n            exception_class = SessionNotCreatedException\n        elif status in ErrorCode.INVALID_ARGUMENT:\n            exception_class = InvalidArgumentException\n        elif status in ErrorCode.NO_SUCH_COOKIE:\n            exception_class = NoSuchCookieException\n        elif status in ErrorCode.UNABLE_TO_CAPTURE_SCREEN:\n            exception_class = ScreenshotException\n        elif status in ErrorCode.ELEMENT_CLICK_INTERCEPTED:\n            exception_class = ElementClickInterceptedException\n        elif status in ErrorCode.INSECURE_CERTIFICATE:\n            exception_class = InsecureCertificateException\n        elif status in ErrorCode.INVALID_COORDINATES:\n            exception_class = InvalidCoordinatesException\n        elif status in ErrorCode.INVALID_SESSION_ID:\n            exception_class = InvalidSessionIdException\n        elif status in ErrorCode.UNKNOWN_METHOD:\n            exception_class = UnknownMethodException\n        else:\n            exception_class = WebDriverException\n        if value == '' or value is None:\n            value = response['value']\n        if isinstance(value, basestring):\n            if exception_class == ErrorInResponseException:\n                raise exception_class(response, value)\n            raise exception_class(value)\n        if message == \"\" and 'message' in value:\n            message = value['message']\n    \n        screen = None\n        if 'screen' in value:\n            screen = value['screen']\n    \n        stacktrace = None\n        if 'stackTrace' in value and value['stackTrace']:\n            stacktrace = []\n            try:\n                for frame in value['stackTrace']:\n                    line = self._value_or_default(frame, 'lineNumber', '')\n                    file = self._value_or_default(frame, 'fileName', '<anonymous>')\n                    if line:\n                        file = \"%s:%s\" % (file, line)\n                    meth = self._value_or_default(frame, 'methodName', '<anonymous>')\n                    if 'className' in frame:\n                        meth = \"%s.%s\" % (frame['className'], meth)\n                    msg = \"    at %s (%s)\"\n                    msg = msg % (meth, file)\n                    stacktrace.append(msg)\n            except TypeError:\n                pass\n        if exception_class == ErrorInResponseException:\n            raise exception_class(response, message)\n        elif exception_class == UnexpectedAlertPresentException:\n            alert_text = None\n            if 'data' in value:\n                alert_text = value['data'].get('text')\n            elif 'alert' in value:\n                alert_text = value['alert'].get('text')\n            raise exception_class(message, screen, stacktrace, alert_text)\n>       raise exception_class(message, screen, stacktrace)\nE       selenium.common.exceptions.NoSuchElementException: Message: no such element: Unable to locate element: {\"method\":\"xpath\",\"selector\":\"//*[@id=\"app\"]/nav/div/ul/li[3]/a\"}\nE         (Session info: headless chrome=92.0.4515.131)\n\n/opt/hostedtoolcache/Python/3.9.6/x64/lib/python3.9/site-packages/selenium/webdriver/remote/errorhandler.py:242: NoSuchElementException",
  "flaky" : false,
  "newFailed" : false,
  "beforeStages" : [ ],
  "afterStages" : [ ],
  "labels" : [ {
    "name" : "parentSuite",
    "value" : "tests"
  }, {
    "name" : "suite",
    "value" : "register_test"
  }, {
    "name" : "host",
    "value" : "fv-az39-713"
  }, {
    "name" : "thread",
    "value" : "3789-MainThread"
  }, {
    "name" : "framework",
    "value" : "pytest"
  }, {
    "name" : "language",
    "value" : "cpython3"
  }, {
    "name" : "package",
    "value" : "tests.register_test"
  }, {
    "name" : "resultFormat",
    "value" : "allure2"
  } ],
  "parameters" : [ ],
  "links" : [ ],
  "hidden" : false,
  "retry" : false,
  "extra" : {
    "severity" : "normal",
    "retries" : [ ],
    "categories" : [ {
      "name" : "Test defects",
      "matchedStatuses" : [ ],
      "flaky" : false
    } ],
    "history" : {
      "statistic" : {
        "failed" : 1,
        "broken" : 5,
        "skipped" : 0,
        "passed" : 7,
        "unknown" : 0,
        "total" : 13
      },
      "items" : [ {
        "uid" : "4b89c557f4afbd60",
        "reportUrl" : "https://eszter10.github.io/conduit/35//#testresult/4b89c557f4afbd60",
        "status" : "broken",
        "statusDetails" : "selenium.common.exceptions.NoSuchElementException: Message: no such element: Unable to locate element: {\"method\":\"xpath\",\"selector\":\"//*[@id=\"app\"]/nav/div/ul/li[3]/a\"}\n  (Session info: headless chrome=92.0.4515.131)",
        "time" : {
          "start" : 1629806711442,
          "stop" : 1629806711459,
          "duration" : 17
        }
      }, {
        "uid" : "46fedee476f07d21",
        "reportUrl" : "https://eszter10.github.io/conduit/34//#testresult/46fedee476f07d21",
        "status" : "broken",
        "statusDetails" : "selenium.common.exceptions.NoSuchElementException: Message: no such element: Unable to locate element: {\"method\":\"xpath\",\"selector\":\"//*[@id=\"app\"]/nav/div/ul/li[3]/a\"}\n  (Session info: headless chrome=92.0.4515.131)",
        "time" : {
          "start" : 1629805726848,
          "stop" : 1629805726861,
          "duration" : 13
        }
      }, {
        "uid" : "6ab710763bc9ca65",
        "reportUrl" : "https://eszter10.github.io/conduit/33//#testresult/6ab710763bc9ca65",
        "status" : "broken",
        "statusDetails" : "selenium.common.exceptions.NoSuchElementException: Message: no such element: Unable to locate element: {\"method\":\"xpath\",\"selector\":\"//*[@id=\"app\"]/nav/div/ul/li[3]/a\"}\n  (Session info: headless chrome=92.0.4515.131)",
        "time" : {
          "start" : 1629804222323,
          "stop" : 1629804222339,
          "duration" : 16
        }
      }, {
        "uid" : "62d19b369d6a8f32",
        "reportUrl" : "https://eszter10.github.io/conduit/32//#testresult/62d19b369d6a8f32",
        "status" : "broken",
        "statusDetails" : "selenium.common.exceptions.NoSuchElementException: Message: no such element: Unable to locate element: {\"method\":\"xpath\",\"selector\":\"//*[@id=\"app\"]/nav/div/ul/li[3]/a\"}\n  (Session info: headless chrome=92.0.4515.131)",
        "time" : {
          "start" : 1629802609315,
          "stop" : 1629802609330,
          "duration" : 15
        }
      }, {
        "uid" : "25c5a8e4d0ca7580",
        "reportUrl" : "https://eszter10.github.io/conduit/31//#testresult/25c5a8e4d0ca7580",
        "status" : "passed",
        "time" : {
          "start" : 1629798106913,
          "stop" : 1629798124415,
          "duration" : 17502
        }
      }, {
        "uid" : "86c03c54fb1365e7",
        "reportUrl" : "https://eszter10.github.io/conduit/30//#testresult/86c03c54fb1365e7",
        "status" : "passed",
        "time" : {
          "start" : 1629797945444,
          "stop" : 1629797962915,
          "duration" : 17471
        }
      }, {
        "uid" : "4728ac79062aac4f",
        "reportUrl" : "https://eszter10.github.io/conduit/29//#testresult/4728ac79062aac4f",
        "status" : "passed",
        "time" : {
          "start" : 1629796696387,
          "stop" : 1629796713988,
          "duration" : 17601
        }
      }, {
        "uid" : "25328e41adb06c37",
        "reportUrl" : "https://eszter10.github.io/conduit/28//#testresult/25328e41adb06c37",
        "status" : "passed",
        "time" : {
          "start" : 1629796510603,
          "stop" : 1629796528166,
          "duration" : 17563
        }
      }, {
        "uid" : "2977fcea6d492c70",
        "reportUrl" : "https://eszter10.github.io/conduit/27//#testresult/2977fcea6d492c70",
        "status" : "passed",
        "time" : {
          "start" : 1629793648465,
          "stop" : 1629793665941,
          "duration" : 17476
        }
      }, {
        "uid" : "7f9afa3f5e2c2071",
        "reportUrl" : "https://eszter10.github.io/conduit/26//#testresult/7f9afa3f5e2c2071",
        "status" : "passed",
        "time" : {
          "start" : 1629752067361,
          "stop" : 1629752084835,
          "duration" : 17474
        }
      }, {
        "uid" : "56411809bd893e0b",
        "reportUrl" : "https://eszter10.github.io/conduit/25//#testresult/56411809bd893e0b",
        "status" : "passed",
        "time" : {
          "start" : 1629751359726,
          "stop" : 1629751372261,
          "duration" : 12535
        }
      }, {
        "uid" : "4244753a7e3aab32",
        "reportUrl" : "https://eszter10.github.io/conduit/24//#testresult/4244753a7e3aab32",
        "status" : "failed",
        "statusDetails" : "AssertionError: assert 'Welcome!' in 'Registration failed!'\n +  where 'Registration failed!' = <selenium.webdriver.remote.webelement.WebElement (session=\"b71c6b0062d7d0da87feea6ae38e6eca\", element=\"5199144b-23ab-4401-bf76-ec5d853ac9b9\")>.text\n +    where <selenium.webdriver.remote.webelement.WebElement (session=\"b71c6b0062d7d0da87feea6ae38e6eca\", element=\"5199144b-23ab-4401-bf76-ec5d853ac9b9\")> = <bound method WebDriver.find_element of <selenium.webdriver.chrome.webdriver.WebDriver (session=\"b71c6b0062d7d0da87feea6ae38e6eca\")>>('xpath', '/html/body/div[2]/div/div[2]')\n +      where <bound method WebDriver.find_element of <selenium.webdriver.chrome.webdriver.WebDriver (session=\"b71c6b0062d7d0da87feea6ae38e6eca\")>> = <selenium.webdriver.chrome.webdriver.WebDriver (session=\"b71c6b0062d7d0da87feea6ae38e6eca\")>.find_element\n +      and   'xpath' = By.XPATH",
        "time" : {
          "start" : 1629749084178,
          "stop" : 1629749091518,
          "duration" : 7340
        }
      } ]
    },
    "tags" : [ ]
  },
  "source" : "f06d5b8e205d939c.json",
  "parameterValues" : [ ]
}