{
  "uid" : "961741f1a7d8d7d",
  "name" : "test_newblog",
  "fullName" : "tests.blog_test#test_newblog",
  "historyId" : "36654271b6857857b9572d31522e0433",
  "time" : {
    "start" : 1629797859233,
    "stop" : 1629797864859,
    "duration" : 5626
  },
  "status" : "broken",
  "statusMessage" : "selenium.common.exceptions.NoSuchElementException: Message: no such element: Unable to locate element: {\"method\":\"xpath\",\"selector\":\"//*[@id=\"app\"]/nav/div/ul/li[4]/a\"}\n  (Session info: headless chrome=92.0.4515.131)",
  "statusTrace" : "def test_newblog():\n        driver.get(\"http://localhost:1667/\")\n        time.sleep(3)\n    \n        # Enter testdata\n        email = 'testuser1@example.com'\n        username = 'testuser1'\n        pw = 'Abcd123$'\n    \n        # Collection of xpath\n        email_x = '//*[@id=\"app\"]/div/div/div/div/form/fieldset[1]/input'\n        username_x = '//*[@id=\"app\"]/nav/div/ul/li[4]/a'\n        pw_x = '//*[@id=\"app\"]/div/div/div/div/form/fieldset[2]/input'\n        title_x = '//*[@id=\"app\"]/div/div/div/div/form/fieldset/fieldset[1]/input'\n        about_x = '//*[@id=\"app\"]/div/div/div/div/form/fieldset/fieldset[2]/input'\n        write_x = '//*[@id=\"app\"]/div/div/div/div/form/fieldset/fieldset[3]/textarea'\n        tags_x = '//*[@id=\"app\"]/div/div/div/div/form/fieldset/fieldset[4]/div/div/ul/li/input'\n        sign_btn = '//*[@id=\"app\"]/nav/div/ul/li[2]/a'\n        signin_btn = '//*[@id=\"app\"]/div/div/div/div/form/button'\n        newart_btn = '//*[@id=\"app\"]/nav/div/ul/li[2]/a'\n        publish = '//*[@id=\"app\"]/div/div/div/div/form/button'\n    \n        # Sign in\n        sign_btn = driver.find_element(By.XPATH, sign_btn)\n        sign_btn.click()\n        driver.find_element(By.XPATH, email_x).send_keys(email)\n        driver.find_element(By.XPATH, pw_x).send_keys(pw)\n        sign_in_btn = driver.find_element(By.XPATH, signin_btn)\n        sign_in_btn.click()\n        time.sleep(2)\n    \n>       assert username == driver.find_element(By.XPATH, username_x).text\n\ntests/blog_test.py:46: \n_ _ _ _ _ _ _ _ _ _ _ _ _ _ _ _ _ _ _ _ _ _ _ _ _ _ _ _ _ _ _ _ _ _ _ _ _ _ _ _ \n/opt/hostedtoolcache/Python/3.9.6/x64/lib/python3.9/site-packages/selenium/webdriver/remote/webdriver.py:976: in find_element\n    return self.execute(Command.FIND_ELEMENT, {\n/opt/hostedtoolcache/Python/3.9.6/x64/lib/python3.9/site-packages/selenium/webdriver/remote/webdriver.py:321: in execute\n    self.error_handler.check_response(response)\n_ _ _ _ _ _ _ _ _ _ _ _ _ _ _ _ _ _ _ _ _ _ _ _ _ _ _ _ _ _ _ _ _ _ _ _ _ _ _ _ \n\nself = <selenium.webdriver.remote.errorhandler.ErrorHandler object at 0x7f5e15ccca00>\nresponse = {'status': 404, 'value': '{\"value\":{\"error\":\"no such element\",\"message\":\"no such element: Unable to locate element: {\\...wn>\\\\n#15 0x557798987e58 \\\\u003Cunknown>\\\\n#16 0x5577989a1dfd \\\\u003Cunknown>\\\\n#17 0x7f100627f609 start_thread\\\\n\"}}'}\n\n    def check_response(self, response):\n        \"\"\"\n        Checks that a JSON response from the WebDriver does not have an error.\n    \n        :Args:\n         - response - The JSON response from the WebDriver server as a dictionary\n           object.\n    \n        :Raises: If the response contains an error message.\n        \"\"\"\n        status = response.get('status', None)\n        if status is None or status == ErrorCode.SUCCESS:\n            return\n        value = None\n        message = response.get(\"message\", \"\")\n        screen = response.get(\"screen\", \"\")\n        stacktrace = None\n        if isinstance(status, int):\n            value_json = response.get('value', None)\n            if value_json and isinstance(value_json, basestring):\n                import json\n                try:\n                    value = json.loads(value_json)\n                    if len(value.keys()) == 1:\n                        value = value['value']\n                    status = value.get('error', None)\n                    if status is None:\n                        status = value[\"status\"]\n                        message = value[\"value\"]\n                        if not isinstance(message, basestring):\n                            value = message\n                            message = message.get('message')\n                    else:\n                        message = value.get('message', None)\n                except ValueError:\n                    pass\n    \n        exception_class = ErrorInResponseException\n        if status in ErrorCode.NO_SUCH_ELEMENT:\n            exception_class = NoSuchElementException\n        elif status in ErrorCode.NO_SUCH_FRAME:\n            exception_class = NoSuchFrameException\n        elif status in ErrorCode.NO_SUCH_WINDOW:\n            exception_class = NoSuchWindowException\n        elif status in ErrorCode.STALE_ELEMENT_REFERENCE:\n            exception_class = StaleElementReferenceException\n        elif status in ErrorCode.ELEMENT_NOT_VISIBLE:\n            exception_class = ElementNotVisibleException\n        elif status in ErrorCode.INVALID_ELEMENT_STATE:\n            exception_class = InvalidElementStateException\n        elif status in ErrorCode.INVALID_SELECTOR \\\n                or status in ErrorCode.INVALID_XPATH_SELECTOR \\\n                or status in ErrorCode.INVALID_XPATH_SELECTOR_RETURN_TYPER:\n            exception_class = InvalidSelectorException\n        elif status in ErrorCode.ELEMENT_IS_NOT_SELECTABLE:\n            exception_class = ElementNotSelectableException\n        elif status in ErrorCode.ELEMENT_NOT_INTERACTABLE:\n            exception_class = ElementNotInteractableException\n        elif status in ErrorCode.INVALID_COOKIE_DOMAIN:\n            exception_class = InvalidCookieDomainException\n        elif status in ErrorCode.UNABLE_TO_SET_COOKIE:\n            exception_class = UnableToSetCookieException\n        elif status in ErrorCode.TIMEOUT:\n            exception_class = TimeoutException\n        elif status in ErrorCode.SCRIPT_TIMEOUT:\n            exception_class = TimeoutException\n        elif status in ErrorCode.UNKNOWN_ERROR:\n            exception_class = WebDriverException\n        elif status in ErrorCode.UNEXPECTED_ALERT_OPEN:\n            exception_class = UnexpectedAlertPresentException\n        elif status in ErrorCode.NO_ALERT_OPEN:\n            exception_class = NoAlertPresentException\n        elif status in ErrorCode.IME_NOT_AVAILABLE:\n            exception_class = ImeNotAvailableException\n        elif status in ErrorCode.IME_ENGINE_ACTIVATION_FAILED:\n            exception_class = ImeActivationFailedException\n        elif status in ErrorCode.MOVE_TARGET_OUT_OF_BOUNDS:\n            exception_class = MoveTargetOutOfBoundsException\n        elif status in ErrorCode.JAVASCRIPT_ERROR:\n            exception_class = JavascriptException\n        elif status in ErrorCode.SESSION_NOT_CREATED:\n            exception_class = SessionNotCreatedException\n        elif status in ErrorCode.INVALID_ARGUMENT:\n            exception_class = InvalidArgumentException\n        elif status in ErrorCode.NO_SUCH_COOKIE:\n            exception_class = NoSuchCookieException\n        elif status in ErrorCode.UNABLE_TO_CAPTURE_SCREEN:\n            exception_class = ScreenshotException\n        elif status in ErrorCode.ELEMENT_CLICK_INTERCEPTED:\n            exception_class = ElementClickInterceptedException\n        elif status in ErrorCode.INSECURE_CERTIFICATE:\n            exception_class = InsecureCertificateException\n        elif status in ErrorCode.INVALID_COORDINATES:\n            exception_class = InvalidCoordinatesException\n        elif status in ErrorCode.INVALID_SESSION_ID:\n            exception_class = InvalidSessionIdException\n        elif status in ErrorCode.UNKNOWN_METHOD:\n            exception_class = UnknownMethodException\n        else:\n            exception_class = WebDriverException\n        if value == '' or value is None:\n            value = response['value']\n        if isinstance(value, basestring):\n            if exception_class == ErrorInResponseException:\n                raise exception_class(response, value)\n            raise exception_class(value)\n        if message == \"\" and 'message' in value:\n            message = value['message']\n    \n        screen = None\n        if 'screen' in value:\n            screen = value['screen']\n    \n        stacktrace = None\n        if 'stackTrace' in value and value['stackTrace']:\n            stacktrace = []\n            try:\n                for frame in value['stackTrace']:\n                    line = self._value_or_default(frame, 'lineNumber', '')\n                    file = self._value_or_default(frame, 'fileName', '<anonymous>')\n                    if line:\n                        file = \"%s:%s\" % (file, line)\n                    meth = self._value_or_default(frame, 'methodName', '<anonymous>')\n                    if 'className' in frame:\n                        meth = \"%s.%s\" % (frame['className'], meth)\n                    msg = \"    at %s (%s)\"\n                    msg = msg % (meth, file)\n                    stacktrace.append(msg)\n            except TypeError:\n                pass\n        if exception_class == ErrorInResponseException:\n            raise exception_class(response, message)\n        elif exception_class == UnexpectedAlertPresentException:\n            alert_text = None\n            if 'data' in value:\n                alert_text = value['data'].get('text')\n            elif 'alert' in value:\n                alert_text = value['alert'].get('text')\n            raise exception_class(message, screen, stacktrace, alert_text)\n>       raise exception_class(message, screen, stacktrace)\nE       selenium.common.exceptions.NoSuchElementException: Message: no such element: Unable to locate element: {\"method\":\"xpath\",\"selector\":\"//*[@id=\"app\"]/nav/div/ul/li[4]/a\"}\nE         (Session info: headless chrome=92.0.4515.131)\n\n/opt/hostedtoolcache/Python/3.9.6/x64/lib/python3.9/site-packages/selenium/webdriver/remote/errorhandler.py:242: NoSuchElementException",
  "flaky" : false,
  "newFailed" : false,
  "beforeStages" : [ ],
  "afterStages" : [ ],
  "labels" : [ {
    "name" : "parentSuite",
    "value" : "tests"
  }, {
    "name" : "suite",
    "value" : "blog_test"
  }, {
    "name" : "host",
    "value" : "fv-az74-622"
  }, {
    "name" : "thread",
    "value" : "3770-MainThread"
  }, {
    "name" : "framework",
    "value" : "pytest"
  }, {
    "name" : "language",
    "value" : "cpython3"
  }, {
    "name" : "package",
    "value" : "tests.blog_test"
  }, {
    "name" : "resultFormat",
    "value" : "allure2"
  } ],
  "parameters" : [ ],
  "links" : [ ],
  "hidden" : false,
  "retry" : false,
  "extra" : {
    "severity" : "normal",
    "retries" : [ ],
    "categories" : [ {
      "name" : "Test defects",
      "matchedStatuses" : [ ],
      "flaky" : false
    } ],
    "history" : {
      "statistic" : {
        "failed" : 0,
        "broken" : 7,
        "skipped" : 0,
        "passed" : 0,
        "unknown" : 0,
        "total" : 7
      },
      "items" : [ {
        "uid" : "207d2957972da39b",
        "reportUrl" : "https://eszter10.github.io/conduit/29//#testresult/207d2957972da39b",
        "status" : "broken",
        "statusDetails" : "FileNotFoundError: [Errno 2] No such file or directory: '../new_post.csv'",
        "time" : {
          "start" : 1629796615296,
          "stop" : 1629796622993,
          "duration" : 7697
        }
      }, {
        "uid" : "fc41972f5e5475e5",
        "reportUrl" : "https://eszter10.github.io/conduit/28//#testresult/fc41972f5e5475e5",
        "status" : "broken",
        "statusDetails" : "FileNotFoundError: [Errno 2] No such file or directory: '../new_post.csv'",
        "time" : {
          "start" : 1629796432216,
          "stop" : 1629796439859,
          "duration" : 7643
        }
      }, {
        "uid" : "f9b1fab7ca0f0d0e",
        "reportUrl" : "https://eszter10.github.io/conduit/27//#testresult/f9b1fab7ca0f0d0e",
        "status" : "broken",
        "statusDetails" : "FileNotFoundError: [Errno 2] No such file or directory: 'new_post.csv'",
        "time" : {
          "start" : 1629793570501,
          "stop" : 1629793578164,
          "duration" : 7663
        }
      }, {
        "uid" : "dcebc936ebe3307e",
        "reportUrl" : "https://eszter10.github.io/conduit/26//#testresult/dcebc936ebe3307e",
        "status" : "broken",
        "statusDetails" : "FileNotFoundError: [Errno 2] No such file or directory: 'new_post.csv'",
        "time" : {
          "start" : 1629751989833,
          "stop" : 1629751997502,
          "duration" : 7669
        }
      }, {
        "uid" : "1ec4b43f8832bf40",
        "reportUrl" : "https://eszter10.github.io/conduit/25//#testresult/1ec4b43f8832bf40",
        "status" : "broken",
        "statusDetails" : "FileNotFoundError: [Errno 2] No such file or directory: 'new_post.csv'",
        "time" : {
          "start" : 1629751255791,
          "stop" : 1629751263493,
          "duration" : 7702
        }
      }, {
        "uid" : "32fed9e3ed55beda",
        "reportUrl" : "https://eszter10.github.io/conduit/24//#testresult/32fed9e3ed55beda",
        "status" : "broken",
        "statusDetails" : "FileNotFoundError: [Errno 2] No such file or directory: 'new_post.csv'",
        "time" : {
          "start" : 1629748978781,
          "stop" : 1629748986548,
          "duration" : 7767
        }
      } ]
    },
    "tags" : [ ]
  },
  "source" : "961741f1a7d8d7d.json",
  "parameterValues" : [ ]
}